Sun Nov 04 2018 21:20:46 GMT+0300 (+03) 
   ERROR:  /media/wertyga/B688E5DB88E59A5F/LINUX Projects JS/El_sn_tt/El_sn/server/common/functions/commonFunctions.js': Error: Invalid login: 534-5.7.14 <https://accounts.google.com/signin/continue?sarp=1&scc=1&plt=AKgnsbvi
534-5.7.14 bktWSXqLtP1StmV0j9AG2o5sy14JDJiuPp3eW5eEaCh1_lr28eYJrb2kh5YXI7yQ0WVAOt
534-5.7.14 3hKN_ZrJuLMus0YMrzfTTrb60mdfo2RYBY_5i1AOisQpJoic_nDOno49R9yNmLbUVokc0D
534-5.7.14 HeLDE4ytIpmfLW2LDkCGGkSFb3592izKkoziZzjf5mu97_X098uoRrmBqBsZvazGw8RXzB
534-5.7.14 wze6TZquknq7iuuh0AkpU0kPNK52zIvk5-4BSabBGGnYapv6xx> Please log in via
534-5.7.14 your web browser and then try again.
534-5.7.14  Learn more at
534 5.7.14  https://support.google.com/mail/answer/78754 q13-v6sm6363152lfk.25 - gsmtp

Sun Nov 04 2018 21:20:46 GMT+0300 (+03) 
   ERROR:  /media/wertyga/B688E5DB88E59A5F/LINUX Projects JS/El_sn_tt/El_sn/server/common/functions/commonFunctions.js': Error: Invalid login: 534-5.7.14 <https://accounts.google.com/signin/continue?sarp=1&scc=1&plt=AKgnsbs0
534-5.7.14 UONWaiZRDdFHRKXlTf7_fD1jQbrDk7otMyRNYY-ixMoINBLGuE9pV8CwXtyFot6N0GyOT9
534-5.7.14 8v_kKYf0hgfPt_ioAoVcFwmqUAc46hLccDln49UMPKYDyVvLP0pfRzZ3KO-aszIDRjjQf6
534-5.7.14 6Bh8ml6RR7YRSKH0u5sTx-pb_ieMkn2baRAKgmWdNwRXuDGKv1ms5Q9ZPa07r0hlMh7H8O
534-5.7.14 Z5ValbJO1mzckLL0hA3y62DOQmCQhKCV3mKkN-FviAHXSLImjI> Please log in via
534-5.7.14 your web browser and then try again.
534-5.7.14  Learn more at
534 5.7.14  https://support.google.com/mail/answer/78754 m10-v6sm496442ljj.34 - gsmtp

Sun Nov 04 2018 21:20:46 GMT+0300 (+03) 
   ERROR:  /media/wertyga/B688E5DB88E59A5F/LINUX Projects JS/El_sn_tt/El_sn/server/common/functions/commonFunctions.js': Error: Invalid login: 534-5.7.14 <https://accounts.google.com/signin/continue?sarp=1&scc=1&plt=AKgnsbtL
534-5.7.14 Q0FmZE3vj3BOLUwoL-W6AF6rJt7nA18DR52OCRleCAGvSMD4QKRoKZQebQkdv5eIcXiLqM
534-5.7.14 4TYSDqfRz5sPw-2vxKB-3XqmzULzdUDanTH42xf7Sgc05YeAMRIUkP5mJK4SoRKQaGvlMq
534-5.7.14 _M1Jh4TI0VzfgbBNPqN_1IToZqAHGXbewRBdx0X4c7OB5f75ZSeoXcBOEor7_AvwsJNyIC
534-5.7.14 Rb6sfV2WT3N1kpEHJDu6oQzxd1KhTuqQhvgfTvAtnyhcHnhx0-> Please log in via
534-5.7.14 your web browser and then try again.
534-5.7.14  Learn more at
534 5.7.14  https://support.google.com/mail/answer/78754 m14-v6sm3215696lji.29 - gsmtp

Sun Nov 04 2018 21:20:46 GMT+0300 (+03) 
   ERROR:  /media/wertyga/B688E5DB88E59A5F/LINUX Projects JS/El_sn_tt/El_sn/server/common/functions/commonFunctions.js': Error: Invalid login: 534-5.7.14 <https://accounts.google.com/signin/continue?sarp=1&scc=1&plt=AKgnsbty
534-5.7.14 VqTP7NzxNu4IQyw35HjQiKWim67X5pxv8JE8AW60Q8TKULCjueE4F35P48RgF9NXm-q_3W
534-5.7.14 XmAy7E2O4bBKxyLgJ3DktxX1oqfJEHkPy4MO5giHyaDLoqDj3m--uTa3De2o13PTj5JmtU
534-5.7.14 g-dOvYptxPz7jCU-PLvkCBFAhrpcwTZsixLIbrY6dMSRTa2SUm3zgCRFwdH3otHE0zX--K
534-5.7.14 orkXYeNDyAKlP3XAtu1b03TXnjmc5WC3T4RUdRdnqxcXDKZ3my> Please log in via
534-5.7.14 your web browser and then try again.
534-5.7.14  Learn more at
534 5.7.14  https://support.google.com/mail/answer/78754 s3-v6sm4215930lje.73 - gsmtp

Sun Nov 04 2018 21:20:46 GMT+0300 (+03) 
   ERROR:  /media/wertyga/B688E5DB88E59A5F/LINUX Projects JS/El_sn_tt/El_sn/server/common/functions/commonFunctions.js': Error: Invalid login: 534-5.7.14 <https://accounts.google.com/signin/continue?sarp=1&scc=1&plt=AKgnsbs_
534-5.7.14 bET1fGXT6mCSih0KF3-_uwpEGlY5c-LXbimOV_ouD5aaStCvw1ykdLrTRNmMPd2SDsxa5h
534-5.7.14 xvcUdumeiQBqFY172gTDspO_b_OdlCdTG_wlAmM__NSw858GVKUGEa04HyE0FPTyxlP-rw
534-5.7.14 uEoJBeVRaVN5JXsUlQIM4xTTzbzT-Xk1X9uJawXksavJIDEoPcfWRu2vHhH8szkdAPB2Dg
534-5.7.14 GNUvc-KC01yC-sRo1lc5QDjvE3NHhWjrRKyw2q08XxbUuZehWe> Please log in via
534-5.7.14 your web browser and then try again.
534-5.7.14  Learn more at
534 5.7.14  https://support.google.com/mail/answer/78754 l3-v6sm1979543ljg.21 - gsmtp

Sun Nov 04 2018 21:20:46 GMT+0300 (+03) 
   ERROR:  /media/wertyga/B688E5DB88E59A5F/LINUX Projects JS/El_sn_tt/El_sn/server/common/functions/commonFunctions.js': Error: Invalid login: 534-5.7.14 <https://accounts.google.com/signin/continue?sarp=1&scc=1&plt=AKgnsbuz
534-5.7.14 Q3I15Qneoy3LJsuUh_Bi2BdInS07qXHypsc68LqtKS6c6bFXvsnieKZ07JNDHtcX-P96nd
534-5.7.14 KEf5PhKSWdsjdsiN_QQOuL0Kg3Gcd4-kLQPtvP2VVKR3B_1lahmROgAnu6SvMdPNzImama
534-5.7.14 MKOqhbA0U_DRq5VVJkkbV9INwWuM5vnT22xi_EJkJrxj9f0LsmBdgXSeokhYbBltcUtg-J
534-5.7.14 jo4iwjbEY7HkWYPqJoKnWC_Sx5BjKkMoctLAB3MEUoSMV0rUxO> Please log in via
534-5.7.14 your web browser and then try again.
534-5.7.14  Learn more at
534 5.7.14  https://support.google.com/mail/answer/78754 y24-v6sm1045636ljd.20 - gsmtp

Sun Nov 04 2018 21:20:46 GMT+0300 (+03) 
   ERROR:  /media/wertyga/B688E5DB88E59A5F/LINUX Projects JS/El_sn_tt/El_sn/server/common/functions/commonFunctions.js': Error: Invalid login: 534-5.7.14 <https://accounts.google.com/signin/continue?sarp=1&scc=1&plt=AKgnsbuT
534-5.7.14 V1bhtEBQDceHxzCkYKknAfMdg2Pr-LJR7SabLOC721ofCX0YyKEWNiYmSuhETH3BhOKJN-
534-5.7.14 0Ep5fp3KQrDNWXKcE48Wr-FV3lS7dKsSWDgkwdJSKOl_2-QzA5ZFZhGpOpqMY_AOiejKVy
534-5.7.14 DNGEjD4MYX9WiwySVGDe1GoF0g4AeJnQYLIZfsBWq9DIH1uWDp5QHqgncNn2IOeW-RyOWE
534-5.7.14 1n-zEB49VbrUHZzRvhYuXiiZIqgAgdbIcIuGrYmkcmOyi44aVC> Please log in via
534-5.7.14 your web browser and then try again.
534-5.7.14  Learn more at
534 5.7.14  https://support.google.com/mail/answer/78754 i3-v6sm2822343lji.11 - gsmtp

Sun Nov 04 2018 21:20:46 GMT+0300 (+03) 
   ERROR:  /media/wertyga/B688E5DB88E59A5F/LINUX Projects JS/El_sn_tt/El_sn/server/common/functions/commonFunctions.js': Error: Invalid login: 534-5.7.14 <https://accounts.google.com/signin/continue?sarp=1&scc=1&plt=AKgnsbsU
534-5.7.14 MSNupK4ZyDg6Xg4abBltc2BoI-AoANpJohMv0mxu7XyD_J1N68YoczYpzTTPIqaEQM8JfS
534-5.7.14 Szw4jY_X1BKyylcwa2h6RSPVFzimVyqxCqj6x6_dt8jzfnA76eyOWJqjV-yenoxu4xrt9y
534-5.7.14 t2ioWMtr512akMDqIvag9jX-Hgd-lB3sYiiNf-mag9zEFtpkaHvwJKufPl1ynZFrIfQruY
534-5.7.14 MhRF-e0VEGgje262m61PCnbspk7GIK5IZsz8a_5hZzfB1ECMuo> Please log in via
534-5.7.14 your web browser and then try again.
534-5.7.14  Learn more at
534 5.7.14  https://support.google.com/mail/answer/78754 f95-v6sm6533303lji.76 - gsmtp

Sun Nov 04 2018 21:20:46 GMT+0300 (+03) 
   ERROR:  /media/wertyga/B688E5DB88E59A5F/LINUX Projects JS/El_sn_tt/El_sn/server/common/functions/commonFunctions.js': Error: Invalid login: 534-5.7.14 <https://accounts.google.com/signin/continue?sarp=1&scc=1&plt=AKgnsbvx
534-5.7.14 IFfhPwC-ozXEKxzgry5Gx8kNohJVnYaPk_ELN54mJrESTROVFdiT2gHFHzMwi34BPFY6oB
534-5.7.14 ce3UYzJ8O7v4JpQ8RdjrWQ40Ht5xcPqNHqbZ0Q4pDmfyqqVh0qF3Jc5Ec6dlL37UFOJPyT
534-5.7.14 RGEhmirzhcDNFn_g0m-Rj7oFZTxW5qNmWm9YCRXKqhNhBxHgYf21h_k8_5f5Ed7129hJ-5
534-5.7.14 PHgMLRzbrLUv7SWM5mo-wzqytijlqOjL6ZDVlGdSX3Uw30SvWy> Please log in via
534-5.7.14 your web browser and then try again.
534-5.7.14  Learn more at
534 5.7.14  https://support.google.com/mail/answer/78754 y1-v6sm4237302lja.53 - gsmtp

Sun Nov 04 2018 21:20:46 GMT+0300 (+03) 
   ERROR:  /media/wertyga/B688E5DB88E59A5F/LINUX Projects JS/El_sn_tt/El_sn/server/common/functions/commonFunctions.js': Error: Invalid login: 534-5.7.14 <https://accounts.google.com/signin/continue?sarp=1&scc=1&plt=AKgnsbvC
534-5.7.14 FbRQJnxz2SFF3TcmOyiZkDP22QjqNvd7cSnnNl-SvChDsljSdH79SJ_TNnVo5IjPpe7abt
534-5.7.14 IieJFbvopsRVz04d8hP36YNoiw-LNYMiG57_GPrcwIP6r6v55cOOWGerd7UsQGOurXU0L1
534-5.7.14 -W7tCj3U7x7T2RjgZwBognRRBXhzWQiYKQleRuspf4U7rmpPMG4R5QOsaBbIMbPOxRlOaA
534-5.7.14 HYBmVWYn1ZZdezutQIsdyFONRqfg5YXYN2ke8CsR5oTV1i6eSx> Please log in via
534-5.7.14 your web browser and then try again.
534-5.7.14  Learn more at
534 5.7.14  https://support.google.com/mail/answer/78754 h2sm463583lfb.49 - gsmtp

Sun Nov 04 2018 21:20:46 GMT+0300 (+03) 
   ERROR:  /media/wertyga/B688E5DB88E59A5F/LINUX Projects JS/El_sn_tt/El_sn/server/common/functions/commonFunctions.js': Error: Invalid login: 534-5.7.14 <https://accounts.google.com/signin/continue?sarp=1&scc=1&plt=AKgnsbsV
534-5.7.14 Bdips3BM1Ic9zdVWE8TfUMvfjIUjCg-O8nC85HxpJDsJMT6AXPDguoMr9_KCu-BQ9qc5mL
534-5.7.14 OnQ8aRa6TeLCyhbXKI3paqBXgb-CopnM2bbznkzPeduf0y4q2puBttalfz_3JUJC82Nn2T
534-5.7.14 jA-7zw5Uwx90rQ4TGIlli0jjsuddqEIe0_yWMwC6sTwk-PRkpSO3yKGx5i9b-fil8Cb4Qp
534-5.7.14 XScwPvWukLDUWXN8RdyqimXTJAx5qDG5RryeTL8JqNuXAJulyW> Please log in via
534-5.7.14 your web browser and then try again.
534-5.7.14  Learn more at
534 5.7.14  https://support.google.com/mail/answer/78754 k1-v6sm5085315lja.59 - gsmtp

Sun Nov 04 2018 21:20:46 GMT+0300 (+03) 
   ERROR:  /media/wertyga/B688E5DB88E59A5F/LINUX Projects JS/El_sn_tt/El_sn/server/common/functions/commonFunctions.js': Error: Invalid login: 534-5.7.14 <https://accounts.google.com/signin/continue?sarp=1&scc=1&plt=AKgnsbuy
534-5.7.14 FO_qwvnQPpvOLTcB8QuXf8RVMAmhJKbsLKNGM_CiIikRLh4D3EE4uAjkitA5_L2NnzqTew
534-5.7.14 7fRJbTg5js6rx1hk9UN-N44EjZQsO_WIKeD_MfAsMzizJPmoot_DUvFIfiYDX2Y2Amsser
534-5.7.14 7qBBKIKvzFgQ2ujxy8H_wPdZfdDIMDFxfOjAiIHlx81ga_Xv5plbtmzk7tZnfl0SJg-UiK
534-5.7.14 SVhfyQ16iyxMKBh9o9pLa6HomK7aUjF1B4MIB-T1A6jwukmZIA> Please log in via
534-5.7.14 your web browser and then try again.
534-5.7.14  Learn more at
534 5.7.14  https://support.google.com/mail/answer/78754 r7-v6sm1676022ljc.90 - gsmtp

Sun Nov 04 2018 21:20:46 GMT+0300 (+03) 
   ERROR:  /media/wertyga/B688E5DB88E59A5F/LINUX Projects JS/El_sn_tt/El_sn/server/common/functions/commonFunctions.js': Error: Invalid login: 534-5.7.14 <https://accounts.google.com/signin/continue?sarp=1&scc=1&plt=AKgnsbu5
534-5.7.14 tbxXLWh5QnqDlfS_6NOD4Kxx3YVhQoVdeY5kQmOYxiIzUG5AlrrxFqRIeownPFhKvWVn45
534-5.7.14 EAoQwXtF-mxM6rj9FJCG9L5RBkaV-H-9QJZqprSAVmYVUVftZJCRtv4IJIz_Ff36-4w2kb
534-5.7.14 3x8zE1B2JvL9nu29_Ra6uwGWl669iP6A7aZr9aElG6zFxiuuPplVgPNg_x2zeeFojS7DBU
534-5.7.14 BsfUfy4Iywt_1G01g6-P6lRmuIX8O4RDxT5kOErhdqVu06pzUa> Please log in via
534-5.7.14 your web browser and then try again.
534-5.7.14  Learn more at
534 5.7.14  https://support.google.com/mail/answer/78754 m4-v6sm2068381ljb.58 - gsmtp

Sun Nov 04 2018 21:20:46 GMT+0300 (+03) 
   ERROR:  /media/wertyga/B688E5DB88E59A5F/LINUX Projects JS/El_sn_tt/El_sn/server/common/functions/commonFunctions.js': Error: Invalid login: 534-5.7.14 <https://accounts.google.com/signin/continue?sarp=1&scc=1&plt=AKgnsbvn
534-5.7.14 aNrNyZIYvHIjTHT85UJJ6WBq5tOKjRAZ5bGLV4LcDdQAA-FF-CTqD4BdtZQdihBs4WwGlZ
534-5.7.14 qYiT6t3AYc6qMOatFH_pPmqyHIrAo2n-_4grD4un9HvLHTll8gDpgJbDou38ounruBR2OO
534-5.7.14 hQpSro6Q9dc7Oz4Tnfw863AwaPI4-MMEHvL-uUaOHCar3a_6CJ0NcfjdzGv2SmXj_hprjQ
534-5.7.14 _VM3nfgnETnMFWxA3J8uvOhc64FIiA87WnWa9HSI8SrF3nyC7m> Please log in via
534-5.7.14 your web browser and then try again.
534-5.7.14  Learn more at
534 5.7.14  https://support.google.com/mail/answer/78754 e14-v6sm2814056ljl.43 - gsmtp

Sun Nov 04 2018 21:20:46 GMT+0300 (+03) 
   ERROR:  /media/wertyga/B688E5DB88E59A5F/LINUX Projects JS/El_sn_tt/El_sn/server/common/functions/commonFunctions.js': Error: Invalid login: 534-5.7.14 <https://accounts.google.com/signin/continue?sarp=1&scc=1&plt=AKgnsbsP
534-5.7.14 vbW9LRi3tF4H8FrN-WmB_VZwxwC1Fnu37BS92QdusqqyRVBvCGQWZrRTy4hH-uMs1Jg7ZF
534-5.7.14 VYiwRglUNL0oqJyXET51a38KrDUiAa3pzNaFV1_uDitjAPXqE6aT7dtUM6638EbZvD6qTu
534-5.7.14 uj7zA-kG6qbPROLKYijbjjl5WfPO2A3jiO5IK_iZcbwGDPClMO5MWnNyo64c_tIPFrqAUz
534-5.7.14 WflsjxGZwT51-uT8BCOkT5rDaQOWoIrlTPKrvZGZql_2tE0oHQ> Please log in via
534-5.7.14 your web browser and then try again.
534-5.7.14  Learn more at
534 5.7.14  https://support.google.com/mail/answer/78754 q127-v6sm615552ljq.45 - gsmtp

Sun Nov 04 2018 21:20:46 GMT+0300 (+03) 
   ERROR:  /media/wertyga/B688E5DB88E59A5F/LINUX Projects JS/El_sn_tt/El_sn/server/common/functions/commonFunctions.js': Error: Invalid login: 534-5.7.14 <https://accounts.google.com/signin/continue?sarp=1&scc=1&plt=AKgnsbtW
534-5.7.14 rl6kuU2_MZDzhBMuLvzKhm80iHfSks51sFlE3YpkrkeypcMo4cBjKqoY3JDlG-B-5_Ymls
534-5.7.14 eCkMuT60x0SOijYSnakx4g8P8wc_mhzontXD95FGzghaPUk-XBmTOJRfHjOL4Ml2FBQHJA
534-5.7.14 u3b545Rud_D5jqlM5VG0huuED4AzYJ0FcapKpiPglsfJVejQwzJqyqDTX5I_JwfABJYAJH
534-5.7.14 xh-Lj0nixA06hvaavNRyuLe_8wh-DA_EcIjew_y-VJMQwy7rF0> Please log in via
534-5.7.14 your web browser and then try again.
534-5.7.14  Learn more at
534 5.7.14  https://support.google.com/mail/answer/78754 c13-v6sm2522902lfe.16 - gsmtp

Sun Nov 04 2018 21:20:46 GMT+0300 (+03) 
   ERROR:  /media/wertyga/B688E5DB88E59A5F/LINUX Projects JS/El_sn_tt/El_sn/server/common/functions/commonFunctions.js': Error: Invalid login: 534-5.7.14 <https://accounts.google.com/signin/continue?sarp=1&scc=1&plt=AKgnsbto
534-5.7.14 jh_pZHnTGsIW5q2YhPBBxsJLtWYoYoN9DR2JSwsbpXrzvaELp0E5J_ZnPZKTJI9W-ran9m
534-5.7.14 H-mYJCjMQdy3NLasYBenNT5qK7HjkdbcUIe0UFBNDG1uQ2Awc7jtnJoXqYrVoGIvNckla_
534-5.7.14 MOwuh95AXUuzTmk2GzrQltfw1-GTYOv4JoC6Tq0IUihII90j7nlRZ3MYse5wXECKSzPRfZ
534-5.7.14 AHJA4pv81TFya3dOzkdKqtnY-40dobFB7RwRcObzSmO2GE8Esn> Please log in via
534-5.7.14 your web browser and then try again.
534-5.7.14  Learn more at
534 5.7.14  https://support.google.com/mail/answer/78754 b19sm1552538lfc.80 - gsmtp

Sun Nov 04 2018 21:20:46 GMT+0300 (+03) 
   ERROR:  /media/wertyga/B688E5DB88E59A5F/LINUX Projects JS/El_sn_tt/El_sn/server/common/functions/commonFunctions.js': Error: Invalid login: 534-5.7.14 <https://accounts.google.com/signin/continue?sarp=1&scc=1&plt=AKgnsbuF
534-5.7.14 ElxStv4Ce1Vti3gd3BWzyR01Uqwq-pwp7FfXqfEm-NZyRfc31OItGZdd6JhFGlcHy8S3uB
534-5.7.14 YFQxZMe97G9uX6AE2NVTc_modydSZ1XArc3XsFCd_aOYP7GdDhLJ9ml7ppiifeXJUNOseG
534-5.7.14 L8uR_9pEDhKtOs-6nBG_4V-aygK8pMbwXjpWbsEj-6EX3pdHZEt1u0TsIyD4hnm2lj6zvM
534-5.7.14 jCPtCd7pNs5bYPcRfpBtHNH2YgDjXkSMpagtBXXF8veqee-UoX> Please log in via
534-5.7.14 your web browser and then try again.
534-5.7.14  Learn more at
534 5.7.14  https://support.google.com/mail/answer/78754 z17-v6sm3065341lfd.14 - gsmtp

Sun Nov 04 2018 21:20:47 GMT+0300 (+03) 
   ERROR:  /media/wertyga/B688E5DB88E59A5F/LINUX Projects JS/El_sn_tt/El_sn/server/common/functions/commonFunctions.js': Error: Invalid login: 534-5.7.14 <https://accounts.google.com/signin/continue?sarp=1&scc=1&plt=AKgnsbsh
534-5.7.14 QEZ2Zjb1iAz_oga5hSxi5cCYzvwr3VaF2gQCVREYZCoBH-N5kqBfBrcghm_j0rOEtFKJIK
534-5.7.14 XQyAYx3DKJrFUXATSx6zdhAAKxtEJy6NiK7kYvHjaj2WI74AX57q4l4NVaw74OP3gUea90
534-5.7.14 p4kLDYkMpg037lAc-M3GL74rJgxyZh3gjCmtSXImuP4igiQS5bK8SAR2XdpRLqCk8LgI74
534-5.7.14 xUFPMuH0tkxhxpmFTPipv9PQKeSE3YiXk8kpzN3a9oQ5V_ui2h> Please log in via
534-5.7.14 your web browser and then try again.
534-5.7.14  Learn more at
534 5.7.14  https://support.google.com/mail/answer/78754 v5-v6sm4144581lje.78 - gsmtp

Sun Nov 04 2018 21:20:47 GMT+0300 (+03) 
   ERROR:  /media/wertyga/B688E5DB88E59A5F/LINUX Projects JS/El_sn_tt/El_sn/server/common/functions/commonFunctions.js': Error: Invalid login: 534-5.7.14 <https://accounts.google.com/signin/continue?sarp=1&scc=1&plt=AKgnsbvv
534-5.7.14 TDCyGEpWDhSJ3gqH4J3ZEb9qE5l9vSmd9MjtyZFqq_qsiG6QM4CFk1OdpAmxiyNkA2_sOZ
534-5.7.14 ApyFJDp_2IBxbif_CnwwpgQlOOL31vSTFxfLlTfi9gIWaKjQ75XjUmW6Pe4Op4CCSBwupx
534-5.7.14 9wMpsWHIu0v8rTatPpdSHo6W6IYAJ023Xqt_X2mYd4ZuXcbd4FykI8W_L39mQTktdWUSLk
534-5.7.14 5AFyIK6Q_l-D0KnU8ja-0y3R1Fw6xLsTtHuyA4LjYKgH_zEKki> Please log in via
534-5.7.14 your web browser and then try again.
534-5.7.14  Learn more at
534 5.7.14  https://support.google.com/mail/answer/78754 p63-v6sm6491327lfg.46 - gsmtp

Sun Nov 04 2018 21:20:47 GMT+0300 (+03) 
   ERROR:  /media/wertyga/B688E5DB88E59A5F/LINUX Projects JS/El_sn_tt/El_sn/server/common/functions/commonFunctions.js': Error: Invalid login: 534-5.7.14 <https://accounts.google.com/signin/continue?sarp=1&scc=1&plt=AKgnsbu1
534-5.7.14 oKYo9FR7z_-n9E67L-rrPRP9biOrvIt6vtMFPf8wpNRKZg__-45tnTMOhi1yyrjPgBcuB8
534-5.7.14 T2K_DlmhuJXIMZsKBiZS1k9av7LhtyT9p8DAY_7Mfvo96YiBb3n0GaBlih0Y2jNhnOPXRS
534-5.7.14 HuMj2myOsRQ8zVD_S1H-vgmPLtvW-p_MnnymVjPSwCJnsaKf3Msj2qYwi56nrnrQp_ZBuD
534-5.7.14 mp9eJzgWArfrB1PGumPulbcj4_RK1wjGu1EP1R7wOzOoB-oczn> Please log in via
534-5.7.14 your web browser and then try again.
534-5.7.14  Learn more at
534 5.7.14  https://support.google.com/mail/answer/78754 q13-v6sm6363159lfk.25 - gsmtp

Sun Nov 04 2018 21:20:47 GMT+0300 (+03) 
   ERROR:  /media/wertyga/B688E5DB88E59A5F/LINUX Projects JS/El_sn_tt/El_sn/server/common/functions/commonFunctions.js': Error: Invalid login: 534-5.7.14 <https://accounts.google.com/signin/continue?sarp=1&scc=1&plt=AKgnsbv9
534-5.7.14 9i76aTkx7S-XyHQrSVLFqgbURz0GzDlAoEG7d3kGlmRppzTbGP_p-W8TOQHwUmwkk9FKbY
534-5.7.14 6Oq3O0WqHDeDwTkKgG1kENmfILGrLyVZgCpQmG23UZxfo-A64SAueKgpsWTEqfQaWPkqMQ
534-5.7.14 jeJW7d9BIm6TazPid7xsursTyiu4h2yp-9wfIJ1kGjNdWrRdMLV4tBNsoEJqnPePUw1zIE
534-5.7.14 7GC5vzdu7FnNCnKeaidif0J6bcdbYvT3JbMMWR407p4T2dC1jD> Please log in via
534-5.7.14 your web browser and then try again.
534-5.7.14  Learn more at
534 5.7.14  https://support.google.com/mail/answer/78754 f18-v6sm2557085ljf.36 - gsmtp

Sun Nov 04 2018 21:20:47 GMT+0300 (+03) 
   ERROR:  /media/wertyga/B688E5DB88E59A5F/LINUX Projects JS/El_sn_tt/El_sn/server/common/functions/commonFunctions.js': Error: Invalid login: 534-5.7.14 <https://accounts.google.com/signin/continue?sarp=1&scc=1&plt=AKgnsbtS
534-5.7.14 -RllOryi21QU9C7ystpOqth1ikjUFhMYTfDdgr5Rfe1mOHP2_DFRhUBgkWzxhf2cwSZfhM
534-5.7.14 zWaHNenOYKGYXf9ywFzSIK6uvgQYQ2sTmHkaO4HZYsi1ZHB-nhmhrVzeBWEIyW2efmrOmB
534-5.7.14 DlcJTd28ArZGojAxMyodv88Gn-Coz4_8U6XUDiDLsdnggw9k_enVzXhKRU5uIn90tH-kve
534-5.7.14 Y2u87SezFFBduIScpVUSjARUkP-aCdCkvSouvyvrkyyC_ImYY_> Please log in via
534-5.7.14 your web browser and then try again.
534-5.7.14  Learn more at
534 5.7.14  https://support.google.com/mail/answer/78754 m62-v6sm2460986lfg.56 - gsmtp

Sun Nov 04 2018 21:20:48 GMT+0300 (+03) 
   ERROR:  /media/wertyga/B688E5DB88E59A5F/LINUX Projects JS/El_sn_tt/El_sn/server/common/functions/commonFunctions.js': Error: Invalid login: 534-5.7.14 <https://accounts.google.com/signin/continue?sarp=1&scc=1&plt=AKgnsbvs
534-5.7.14 13qOXa9uy4Ohuj2uYzimcudJFFeR0xVMT2XI03qMFuvQQTQD1sz9sgjbh8KPqtyannTrRQ
534-5.7.14 lhDIO7QHJ4VhrOdH-TY2xiOjXRujXKyj3CPOSZQMrBSgJ4cjlPVy4pJt2g1plCPnPpxq5Y
534-5.7.14 BWGRCDsSRKfEIzxL0Gn8NrLvth7E8NaledELQUBv9sL-EovlH_BJsTzcWqGdoKOJdKNHa_
534-5.7.14 GPvq7AMpZHl4MBYV6OY7hpcI77eUJyb-uXUJ1FaO6C3QyJyB27> Please log in via
534-5.7.14 your web browser and then try again.
534-5.7.14  Learn more at
534 5.7.14  https://support.google.com/mail/answer/78754 i3-v6sm2822354lji.11 - gsmtp

Sun Nov 04 2018 21:20:48 GMT+0300 (+03) 
   ERROR:  /media/wertyga/B688E5DB88E59A5F/LINUX Projects JS/El_sn_tt/El_sn/server/common/functions/commonFunctions.js': Error: Invalid login: 534-5.7.14 <https://accounts.google.com/signin/continue?sarp=1&scc=1&plt=AKgnsbsE
534-5.7.14 m3Fu1y8xg5E32L3pU_uFkq0tmK-YoemJpDKMSLOKQAO2ojn4g3acsJc9E9jOU3ScEx5yM6
534-5.7.14 0vEJxGwox_fsZkJMlPBZT6353NtcfNMClGLSA3VE3uqZKQ0Oxm6TMgn8Ksn52QoFzNb0JM
534-5.7.14 WFlF9LhpYYv2liCHH7_4inQHjWNBKOJlOzTVS15qPDs4v4sDQCPFhHMda8IXoStDUva1OL
534-5.7.14 QG3H4xu4n1L2zFNvC5EDgvWLoy6UdVKEtzbPvYaqmlipYnnLei> Please log in via
534-5.7.14 your web browser and then try again.
534-5.7.14  Learn more at
534 5.7.14  https://support.google.com/mail/answer/78754 e14-v6sm996534ljb.31 - gsmtp

Sun Nov 04 2018 21:20:48 GMT+0300 (+03) 
   ERROR:  /media/wertyga/B688E5DB88E59A5F/LINUX Projects JS/El_sn_tt/El_sn/server/common/functions/commonFunctions.js': Error: Invalid login: 534-5.7.14 <https://accounts.google.com/signin/continue?sarp=1&scc=1&plt=AKgnsbtW
534-5.7.14 fpNC-AVo6Pkk3WQQYIJlufitcF0HGFqxarCcaP7qDpeJ3fECyGZU4rYdatUcsnj-XIkFuv
534-5.7.14 XT43inuY1o1ZOEmJiI_EyPTVSvEkuAExrepoyZFCA4wqCWqt7O_GKbyMG_d7WwFyE871vM
534-5.7.14 Kg4BFVlT6JFdlGtBKMEWz79QatldOF4ridYn-AR9Xxcx9t5fHThu4PMhTwtSumDNvDR1_D
534-5.7.14 NQ5Y6lKs3oHtYILau9_c0hwOleEwies64_j0Ivjf8fFTSB1jSD> Please log in via
534-5.7.14 your web browser and then try again.
534-5.7.14  Learn more at
534 5.7.14  https://support.google.com/mail/answer/78754 w193sm529711lff.24 - gsmtp

Sun Nov 04 2018 21:20:48 GMT+0300 (+03) 
   ERROR:  /media/wertyga/B688E5DB88E59A5F/LINUX Projects JS/El_sn_tt/El_sn/server/common/functions/commonFunctions.js': Error: Invalid login: 534-5.7.14 <https://accounts.google.com/signin/continue?sarp=1&scc=1&plt=AKgnsbub
534-5.7.14 jEB1WH81QHo-RoaavbblqbKse0Rj44x32P-w7iXd2qmTJhohxTF8-5Jg6pvmiuDrFkH1ad
534-5.7.14 l3RKxE9nHUrxYUzPOaRKKdKHgiAKgNyFgcN2_sIhwx79mruQkPIdKottEmLWa4LcBuVvCI
534-5.7.14 s3BsoI_dXZQ0Pm4Xj88VVh1HTu9evDOV8vbIIIMiMuQr7drN_Tnhx-ybddXCoXKY0pKV3h
534-5.7.14 eU9XsG1RX7iw-hEeTFv3U13G5g3akmlxZTdHjo9fquQlNVnr2P> Please log in via
534-5.7.14 your web browser and then try again.
534-5.7.14  Learn more at
534 5.7.14  https://support.google.com/mail/answer/78754 o25sm3039074lfd.29 - gsmtp

Sun Nov 04 2018 21:20:48 GMT+0300 (+03) 
   ERROR:  /media/wertyga/B688E5DB88E59A5F/LINUX Projects JS/El_sn_tt/El_sn/server/common/functions/commonFunctions.js': Error: Invalid login: 534-5.7.14 <https://accounts.google.com/signin/continue?sarp=1&scc=1&plt=AKgnsbvj
534-5.7.14 OCeBiJHnkuULFLkX6kIjj4VaCRHZFhVHhk-yNQASSLhiX2Gl7rntE-o5mJiUlrOEOP_02x
534-5.7.14 rbc9eRbswSyLVOmP9SidMLezLa48xqTviAvxFeXIGODOsV-ttI_HDBzLeL2UVTesWyF8qg
534-5.7.14 3KKT4zG-COB-Qua1D89eGOGpdq_2jUeBKE74tCt7fh0aac1A93-NinRQWu8BSqmb26gfOw
534-5.7.14 MMpSvYJoKhGxryYiDrliwBXk1KVjd7XlNNpd38Q8ryGqrOO_jx> Please log in via
534-5.7.14 your web browser and then try again.
534-5.7.14  Learn more at
534 5.7.14  https://support.google.com/mail/answer/78754 b17-v6sm3394377ljj.93 - gsmtp

Sun Nov 04 2018 21:20:48 GMT+0300 (+03) 
   ERROR:  /media/wertyga/B688E5DB88E59A5F/LINUX Projects JS/El_sn_tt/El_sn/server/common/functions/commonFunctions.js': Error: Invalid login: 534-5.7.14 <https://accounts.google.com/signin/continue?sarp=1&scc=1&plt=AKgnsbsm
534-5.7.14 ORvc1Bmcyt81czrwOUHFB4KWbCIazaDqRvP6kbE2w1t0nvhH1bqtV6DKeLrMDutV9taYy_
534-5.7.14 qGM2RitTEKd8oBkQEAr3Yr6XSIUTa8IYPIHWTfBsbCD0Pjdk7kJyNeOwxZYGQ2CSEkZ0Ns
534-5.7.14 2tF1vBqX6fSA2cM0GFmO_5i8CVM-n9dXW1AVuSEBB62BUHgF2tPLhTihmP5lBaa-FGVXYX
534-5.7.14 XFxzyrr0ealEAlUHl1zj6bYd3RYet7bqRcAM7F4jRWO98mmIkq> Please log in via
534-5.7.14 your web browser and then try again.
534-5.7.14  Learn more at
534 5.7.14  https://support.google.com/mail/answer/78754 g66sm554860lfe.42 - gsmtp

Sun Nov 04 2018 21:20:48 GMT+0300 (+03) 
   ERROR:  /media/wertyga/B688E5DB88E59A5F/LINUX Projects JS/El_sn_tt/El_sn/server/common/functions/commonFunctions.js': Error: Invalid login: 534-5.7.14 <https://accounts.google.com/signin/continue?sarp=1&scc=1&plt=AKgnsbvK
534-5.7.14 b-VTq7_3AJRhSZIvetVlT61RFDDQr_Lre2RhsWfHYooJsKawa34hrXKovMWYl3QHEcFDhg
534-5.7.14 -eBkt-tF51eMdkdiLV5fmH4rBvWYGPHyAX7_PiaE3kNgVM7MUGumT2URh2s9mXqVVGb7Sb
534-5.7.14 f-VHCM6Zfuzh3WXiPnSce6LuQcRp-3fL3AeKOgLuzOkcpPHDZIJZNdIcMXcNI4XrAeN0-w
534-5.7.14 LZn3sJmv80x6nB7HMeA0Cf2UHARbbC_LhqQ-wF7ShxOvK98cMk> Please log in via
534-5.7.14 your web browser and then try again.
534-5.7.14  Learn more at
534 5.7.14  https://support.google.com/mail/answer/78754 u12-v6sm2308270ljk.79 - gsmtp

Sun Nov 04 2018 21:20:48 GMT+0300 (+03) 
   ERROR:  /media/wertyga/B688E5DB88E59A5F/LINUX Projects JS/El_sn_tt/El_sn/server/common/functions/commonFunctions.js': Error: Invalid login: 534-5.7.14 <https://accounts.google.com/signin/continue?sarp=1&scc=1&plt=AKgnsbte
534-5.7.14 fFZIlLcbmlCHcvQLxx8j7uXinSZmHjWkBLoxfGRRv_b5l5fC0qjKxK30I0IbhYwIFM9Snh
534-5.7.14 F3iQMjKKIQU8XpmbhYxX2jO2RkKU2pVsVb9DYdb9t2RsIUxBT8akElkWtqPrujQAN_sL9n
534-5.7.14 k5b8p_R52hoxB757MPWmbi2Zk24ufi1qTZCV40_DveO-KbD7aU08EL5KcmxMgx2UTe-fy9
534-5.7.14 Ms2bS_9vsf8Ts2wneYqM-l7t6MBO7izakut2c1sx-rJgg1RbVt> Please log in via
534-5.7.14 your web browser and then try again.
534-5.7.14  Learn more at
534 5.7.14  https://support.google.com/mail/answer/78754 k21-v6sm1784971ljc.15 - gsmtp

Sun Nov 04 2018 21:20:48 GMT+0300 (+03) 
   ERROR:  /media/wertyga/B688E5DB88E59A5F/LINUX Projects JS/El_sn_tt/El_sn/server/common/functions/commonFunctions.js': Error: Invalid login: 534-5.7.14 <https://accounts.google.com/signin/continue?sarp=1&scc=1&plt=AKgnsbuG
534-5.7.14 aPIIWrw5bkX7a7fykKOoX3bJV_tRoR5Fxa-beCKjPyv5_WeWrtuF37-HwvAqboliq0jAvD
534-5.7.14 isROd8pKjDCxPto-Au6MR98VUgMSTYownLIgcRd1Ne5ROvph6l7-CUklGNl9hCy_2xDhEf
534-5.7.14 op1qcuV1PWfcRosH7CNeeBD1UOTfuIUy7_pylJ5sFEZJiFZccRp7veodS25nIgu8PaGUUY
534-5.7.14 ov4Ntkqylf4RMa108Zr52--ia-A8CieAEr2_8UQ7BVgkuH6hs9> Please log in via
534-5.7.14 your web browser and then try again.
534-5.7.14  Learn more at
534 5.7.14  https://support.google.com/mail/answer/78754 q127-v6sm615565ljq.45 - gsmtp

Sun Nov 04 2018 21:20:48 GMT+0300 (+03) 
   ERROR:  /media/wertyga/B688E5DB88E59A5F/LINUX Projects JS/El_sn_tt/El_sn/server/common/functions/commonFunctions.js': Error: Invalid login: 534-5.7.14 <https://accounts.google.com/signin/continue?sarp=1&scc=1&plt=AKgnsbtU
534-5.7.14 m0fWk9NmD8kZFQRXqFICNmakPwpCdn3iZ_TsudKXSZ1r4_ZFWQJcB5d_Fa-jbCPsNWOA5S
534-5.7.14 PNnhbWKduQOdBuGC4XcPro1c5uIi6Cpu4jsAmoAdMFndISWE5GfIFiQEtdL3_tapHd0SW_
534-5.7.14 hn9o33eTSSO_tYSt_u22XknaMP03QyZ0joHszAMZauvUpmHPeqwEiLShUt2gnTF-rvVt4p
534-5.7.14 8YT47mCvPZm7yIhmTlvRLe6T-8F6JPW79i7Spa73u48ReHvFJl> Please log in via
534-5.7.14 your web browser and then try again.
534-5.7.14  Learn more at
534 5.7.14  https://support.google.com/mail/answer/78754 u15-v6sm2982237lja.63 - gsmtp

Sun Nov 04 2018 21:20:48 GMT+0300 (+03) 
   ERROR:  /media/wertyga/B688E5DB88E59A5F/LINUX Projects JS/El_sn_tt/El_sn/server/common/functions/commonFunctions.js': Error: Invalid login: 534-5.7.14 <https://accounts.google.com/signin/continue?sarp=1&scc=1&plt=AKgnsbsb
534-5.7.14 lxoQT6ot2RNCoxuheJ4svCZG6t92lGw9j_QmH4T-gLQ4imDPMYsH4McbPK0aRH5HycLdOh
534-5.7.14 Mju4sKwEFIjsOypBR6RmsQ503GlRHlioEezVQrFZmirZ0ZzGPcgSwwhdJQPHdGklZvtzqZ
534-5.7.14 w_JXMxR-QDAc471djaZIP4MHj_KjR4rJzL2_a8bDO7O9O8A2EfWYQI3ETR4Asd0DREhTLb
534-5.7.14 LrcoMz1yKER0md-n1e-yvfZ9kChLEiYygjjuuxJVcf6RJlL3W1> Please log in via
534-5.7.14 your web browser and then try again.
534-5.7.14  Learn more at
534 5.7.14  https://support.google.com/mail/answer/78754 z195-v6sm6413558lff.82 - gsmtp

Sun Nov 04 2018 21:20:49 GMT+0300 (+03) 
   ERROR:  /media/wertyga/B688E5DB88E59A5F/LINUX Projects JS/El_sn_tt/El_sn/server/common/functions/commonFunctions.js': Error: Invalid login: 534-5.7.14 <https://accounts.google.com/signin/continue?sarp=1&scc=1&plt=AKgnsbtE
534-5.7.14 0N4Yn6OxDiNfYb6U2mMO8zbbJo668Bf9gA8IqDoYORjt4hAePhCB3NwuprfCuhpbWHKIPw
534-5.7.14 1fM46chUkP1YTRD8VZ9kRArVjvW5QLifZnePCxrsQpMca5jLQLYgiNyFkF4ODQUQoclsBE
534-5.7.14 PGmhhBNIRTfEf8CCUsRnLVH9XDfuIFYCjBl715l2ndmQLBrI5uXdLknSnyFGtNnf1oXdb1
534-5.7.14 WJeIs3okh76J3Cpa-PrQiBObHkEI5XDfhq2abzIkpUaIU3N2gM> Please log in via
534-5.7.14 your web browser and then try again.
534-5.7.14  Learn more at
534 5.7.14  https://support.google.com/mail/answer/78754 u21-v6sm1665388lju.46 - gsmtp

Sun Nov 04 2018 21:20:49 GMT+0300 (+03) 
   ERROR:  /media/wertyga/B688E5DB88E59A5F/LINUX Projects JS/El_sn_tt/El_sn/server/common/functions/commonFunctions.js': Error: Invalid login: 534-5.7.14 <https://accounts.google.com/signin/continue?sarp=1&scc=1&plt=AKgnsbtB
534-5.7.14 M5o6Robc7zeA6K2aCGdMfNXIEtgnb0C0usWH3E-gWiUN8HpMYjeEHDzorHHnPbiPUWQSy-
534-5.7.14 SAGI9RfNV4RkQLNkrKrsP20id1D0md1MPrcwgmLh2ys8ZSnEDriLximTcLO66rOPWCuu2l
534-5.7.14 bYQaWhG41fOtFRn08h6vxMpJhVYpbT2To4tzEq7Q1KnNs9NnykNaJlz7GkKgmczrJVpZYh
534-5.7.14 8Dg9z0Qpa74SlyySmK7NaY3N9Ln0V6D_gZJPv8COqciVq8c4bJ> Please log in via
534-5.7.14 your web browser and then try again.
534-5.7.14  Learn more at
534 5.7.14  https://support.google.com/mail/answer/78754 v5-v6sm4144603lje.78 - gsmtp

Sun Nov 04 2018 21:20:49 GMT+0300 (+03) 
   ERROR:  /media/wertyga/B688E5DB88E59A5F/LINUX Projects JS/El_sn_tt/El_sn/server/common/functions/commonFunctions.js': Error: Invalid login: 534-5.7.14 <https://accounts.google.com/signin/continue?sarp=1&scc=1&plt=AKgnsbuZ
534-5.7.14 Ge40ZFoeqrXW-g5RxufjZg3lqxprunofRpsdebrTt1afMcPyfW0euRyAEgfJtiesJDKDeG
534-5.7.14 XCfu3-oH1ZpHLFA6Hq9-y3tQqiV7RJT0Qy5WtMVLgzJVrX6cY4eQYv9rrhNUznTW6oWITl
534-5.7.14 Jt4kW6GQ17bE2MfBkgUuyYBX2ERumA_-ieTibIAbbVrQdxMOv38LJO1wYFwb_OV7VJo3FD
534-5.7.14 NJWnNsNawu1XCqfjxByP_cz-k_8jrteEnG1Z9GdlFC_mIF7cXB> Please log in via
534-5.7.14 your web browser and then try again.
534-5.7.14  Learn more at
534 5.7.14  https://support.google.com/mail/answer/78754 v64sm3397012lfa.48 - gsmtp

Sun Nov 04 2018 21:20:49 GMT+0300 (+03) 
   ERROR:  /media/wertyga/B688E5DB88E59A5F/LINUX Projects JS/El_sn_tt/El_sn/server/common/functions/commonFunctions.js': Error: Invalid login: 534-5.7.14 <https://accounts.google.com/signin/continue?sarp=1&scc=1&plt=AKgnsbvW
534-5.7.14 6ygavKbWx3ML5l_nTaO2fdn9TuzJDaXOjNC7O56wrekfSF7KcuAxVkilPQEDTA6uMRkbm6
534-5.7.14 giKbkzy63qCI2nMsXkyZPXHTVbk8qTMhh811ZJeCR7xqpQp5qapoVCIXgFeGBJaJVNwyVw
534-5.7.14 sRX68cCswV62u7gS5MeBdoUpBsSMkfLWpcdWq0bdUUAnLXQt3Ce74pZzFoA3PjPzIwks5d
534-5.7.14 cQE6xIF2qq-mCI5ZDyQxp6hOBQynzCcxz1bXY1iGLj6KK-w2-t> Please log in via
534-5.7.14 your web browser and then try again.
534-5.7.14  Learn more at
534 5.7.14  https://support.google.com/mail/answer/78754 k21-v6sm1784981ljc.15 - gsmtp

Sun Nov 04 2018 21:20:49 GMT+0300 (+03) 
   ERROR:  /media/wertyga/B688E5DB88E59A5F/LINUX Projects JS/El_sn_tt/El_sn/server/common/functions/commonFunctions.js': Error: Invalid login: 534-5.7.14 <https://accounts.google.com/signin/continue?sarp=1&scc=1&plt=AKgnsbuN
534-5.7.14 7FtDQUJHIE6D40nzjTW318mUCNtpQa5MqH2WMByiJOUrgDuKsRAMqQZRsZ_mVmVe0gPXTj
534-5.7.14 hL9f5oRQpDPw1r-fqPCSE4O7uN2cbWAtE88QHZPMpW5vBAMk_Ph4D5OnzrRMGTWRQs7li9
534-5.7.14 Ihfs1a0dYIvrOXGIk5ys8VhqzDT4uljjJNYSseceDlQ5NQFP6oU9zdGIPofj7v9QDma1zQ
534-5.7.14 G7yKGduNZCir-2Rwhiac6R0rrScO3LKsOe7CebBlPrfFxfIMtq> Please log in via
534-5.7.14 your web browser and then try again.
534-5.7.14  Learn more at
534 5.7.14  https://support.google.com/mail/answer/78754 e14-v6sm2814089ljl.43 - gsmtp

Sun Nov 04 2018 21:20:50 GMT+0300 (+03) 
   ERROR:  /media/wertyga/B688E5DB88E59A5F/LINUX Projects JS/El_sn_tt/El_sn/server/common/functions/commonFunctions.js': Error: Invalid login: 534-5.7.14 <https://accounts.google.com/signin/continue?sarp=1&scc=1&plt=AKgnsbt0
534-5.7.14 aaLAqy8hNBJwgDi5X74CQFDN3nJMl3OTXdwtBck4AQEdmFAicaXCq3tNpvEWsBMhmz_cvF
534-5.7.14 HQHPeI4dnpyb5D-ojlSPHonAiafcbTcvvvVWSZ0YR6KFC_UFfnyXnih_DD4PrTE2oeQ5Jd
534-5.7.14 3UvNrSka9BCF0YoHH3ZmFiIst-8gdEEMcwrgWxdSgHNLRbGV5wQRxz-binJPca991UOqID
534-5.7.14 sVch6aCPD4f_rJFURhcBIl7GXvJDkC-TKQincfQ1W5zGcBfeRu> Please log in via
534-5.7.14 your web browser and then try again.
534-5.7.14  Learn more at
534 5.7.14  https://support.google.com/mail/answer/78754 r7-v6sm1676053ljc.90 - gsmtp

Sun Nov 04 2018 21:20:50 GMT+0300 (+03) 
   ERROR:  /media/wertyga/B688E5DB88E59A5F/LINUX Projects JS/El_sn_tt/El_sn/server/common/functions/commonFunctions.js': Error: Invalid login: 534-5.7.14 <https://accounts.google.com/signin/continue?sarp=1&scc=1&plt=AKgnsbsM
534-5.7.14 E_yYHg9rsFWaoxFSxnDb5Ee_VXOmV4PYZeqnKgwJ_eXK3ca1r__JI9YpTcICY_FrZB9eIQ
534-5.7.14 1ttTKytn17req5Mb0WbsNtDClzYwCxTLzanK6sKK05bJjWBFNT_lgmiodOECVW-Zy0SFij
534-5.7.14 Lfv9k93bOniZR6AOLUqBkBuPNzI60ZVUPS2TQCFQcQtNWP_sIwvb-eEpZFh-atQM24DNhV
534-5.7.14 1RbUv1bHLbYwDGnnzqZ1cGCCBTLIsphR5zOSVNcm1pderE78Gd> Please log in via
534-5.7.14 your web browser and then try again.
534-5.7.14  Learn more at
534 5.7.14  https://support.google.com/mail/answer/78754 26-v6sm5487200lje.18 - gsmtp

Mon Nov 05 2018 12:20:38 GMT+0300 (+03) 
   ERROR: getWhaleOrders /media/wertyga/B688E5DB88E59A5F/LINUX Projects JS/El_sn_tt/El_sn/server/common/functions/main.js': Error: connect EHOSTUNREACH 52.85.239.19:443

Mon Nov 05 2018 12:21:44 GMT+0300 (+03) 
   ERROR:  /media/wertyga/B688E5DB88E59A5F/LINUX Projects JS/El_sn_tt/El_sn/server/common/functions/main.js': Error: connect ETIMEDOUT 52.85.239.19:443

Sun Nov 18 2018 22:15:26 GMT+0300 (+03) 
   ERROR: getWhaleOrders /media/wertyga/B688E5DB88E59A5F/LINUX Projects JS/El_sn_tt/El_sn/server/common/functions/main.js': Error: Request failed with status code 400

Sun Nov 18 2018 22:15:56 GMT+0300 (+03) 
   ERROR: getWhaleOrders /media/wertyga/B688E5DB88E59A5F/LINUX Projects JS/El_sn_tt/El_sn/server/common/functions/main.js': Error: Request failed with status code 400

Sun Nov 18 2018 22:16:54 GMT+0300 (+03) 
   ERROR: getWhaleOrders /media/wertyga/B688E5DB88E59A5F/LINUX Projects JS/El_sn_tt/El_sn/server/common/functions/main.js': Error: Request failed with status code 400

Sun Nov 18 2018 22:17:54 GMT+0300 (+03) 
   ERROR: getWhaleOrders /media/wertyga/B688E5DB88E59A5F/LINUX Projects JS/El_sn_tt/El_sn/server/common/functions/main.js': Error: Request failed with status code 400

Sun Nov 18 2018 22:18:54 GMT+0300 (+03) 
   ERROR: getWhaleOrders /media/wertyga/B688E5DB88E59A5F/LINUX Projects JS/El_sn_tt/El_sn/server/common/functions/main.js': Error: Request failed with status code 400

Sun Nov 18 2018 22:19:54 GMT+0300 (+03) 
   ERROR: getWhaleOrders /media/wertyga/B688E5DB88E59A5F/LINUX Projects JS/El_sn_tt/El_sn/server/common/functions/main.js': Error: Request failed with status code 400

Sun Nov 18 2018 22:20:06 GMT+0300 (+03) 
   ERROR: getWhaleOrders /media/wertyga/B688E5DB88E59A5F/LINUX Projects JS/El_sn_tt/El_sn/server/common/functions/main.js': Error: Request failed with status code 400

Sun Nov 18 2018 22:20:54 GMT+0300 (+03) 
   ERROR: getWhaleOrders /media/wertyga/B688E5DB88E59A5F/LINUX Projects JS/El_sn_tt/El_sn/server/common/functions/main.js': Error: Request failed with status code 400

Sun Nov 18 2018 22:21:50 GMT+0300 (+03) 
   ERROR: getWhaleOrders /media/wertyga/B688E5DB88E59A5F/LINUX Projects JS/El_sn_tt/El_sn/server/common/functions/main.js': Error: Request failed with status code 400

Sun Nov 18 2018 22:22:23 GMT+0300 (+03) 
   ERROR: getWhaleOrders /media/wertyga/B688E5DB88E59A5F/LINUX Projects JS/El_sn_tt/El_sn/server/common/functions/main.js': Error: Request failed with status code 400

Sun Nov 18 2018 22:22:46 GMT+0300 (+03) 
   ERROR: getWhaleOrders /media/wertyga/B688E5DB88E59A5F/LINUX Projects JS/El_sn_tt/El_sn/server/common/functions/main.js': Error: Request failed with status code 400

Sun Nov 18 2018 22:23:03 GMT+0300 (+03) 
   ERROR: getWhaleOrders /media/wertyga/B688E5DB88E59A5F/LINUX Projects JS/El_sn_tt/El_sn/server/common/functions/main.js': Error: Request failed with status code 400

Sun Nov 18 2018 22:24:00 GMT+0300 (+03) 
   ERROR: getWhaleOrders /media/wertyga/B688E5DB88E59A5F/LINUX Projects JS/El_sn_tt/El_sn/server/common/functions/main.js': Error: Request failed with status code 400

Sun Nov 18 2018 22:25:04 GMT+0300 (+03) 
   ERROR: getWhaleOrders /media/wertyga/B688E5DB88E59A5F/LINUX Projects JS/El_sn_tt/El_sn/server/common/functions/main.js': Error: Request failed with status code 400

Sun Nov 18 2018 22:25:23 GMT+0300 (+03) 
   ERROR: getWhaleOrders /media/wertyga/B688E5DB88E59A5F/LINUX Projects JS/El_sn_tt/El_sn/server/common/functions/main.js': Error: Request failed with status code 400

Sun Nov 18 2018 22:26:20 GMT+0300 (+03) 
   ERROR: getWhaleOrders /media/wertyga/B688E5DB88E59A5F/LINUX Projects JS/El_sn_tt/El_sn/server/common/functions/main.js': Error: Request failed with status code 400

Sun Nov 18 2018 22:26:55 GMT+0300 (+03) 
   ERROR: getWhaleOrders /media/wertyga/B688E5DB88E59A5F/LINUX Projects JS/El_sn_tt/El_sn/server/common/functions/main.js': Error: Request failed with status code 400

Sun Nov 18 2018 22:27:52 GMT+0300 (+03) 
   ERROR: getWhaleOrders /media/wertyga/B688E5DB88E59A5F/LINUX Projects JS/El_sn_tt/El_sn/server/common/functions/main.js': Error: Request failed with status code 400

Sun Nov 18 2018 22:28:51 GMT+0300 (+03) 
   ERROR: getWhaleOrders /media/wertyga/B688E5DB88E59A5F/LINUX Projects JS/El_sn_tt/El_sn/server/common/functions/main.js': Error: Request failed with status code 400

Sun Nov 18 2018 22:29:52 GMT+0300 (+03) 
   ERROR: getWhaleOrders /media/wertyga/B688E5DB88E59A5F/LINUX Projects JS/El_sn_tt/El_sn/server/common/functions/main.js': Error: Request failed with status code 400

Sun Nov 18 2018 22:30:52 GMT+0300 (+03) 
   ERROR: getWhaleOrders /media/wertyga/B688E5DB88E59A5F/LINUX Projects JS/El_sn_tt/El_sn/server/common/functions/main.js': Error: Request failed with status code 400

Sun Nov 18 2018 22:31:52 GMT+0300 (+03) 
   ERROR: getWhaleOrders /media/wertyga/B688E5DB88E59A5F/LINUX Projects JS/El_sn_tt/El_sn/server/common/functions/main.js': Error: Request failed with status code 400

Sun Nov 18 2018 22:32:40 GMT+0300 (+03) 
   ERROR: getWhaleOrders /media/wertyga/B688E5DB88E59A5F/LINUX Projects JS/El_sn_tt/El_sn/server/common/functions/main.js': Error: Request failed with status code 400

Sun Nov 18 2018 22:33:33 GMT+0300 (+03) 
   ERROR: getWhaleOrders /media/wertyga/B688E5DB88E59A5F/LINUX Projects JS/El_sn_tt/El_sn/server/common/functions/main.js': Error: Request failed with status code 400

Sun Nov 18 2018 22:34:33 GMT+0300 (+03) 
   ERROR: getWhaleOrders /media/wertyga/B688E5DB88E59A5F/LINUX Projects JS/El_sn_tt/El_sn/server/common/functions/main.js': Error: Request failed with status code 400

Sun Nov 18 2018 22:35:33 GMT+0300 (+03) 
   ERROR: getWhaleOrders /media/wertyga/B688E5DB88E59A5F/LINUX Projects JS/El_sn_tt/El_sn/server/common/functions/main.js': Error: Request failed with status code 400

Sun Nov 18 2018 22:36:33 GMT+0300 (+03) 
   ERROR: getWhaleOrders /media/wertyga/B688E5DB88E59A5F/LINUX Projects JS/El_sn_tt/El_sn/server/common/functions/main.js': Error: Request failed with status code 400

Sun Nov 18 2018 22:37:33 GMT+0300 (+03) 
   ERROR: getWhaleOrders /media/wertyga/B688E5DB88E59A5F/LINUX Projects JS/El_sn_tt/El_sn/server/common/functions/main.js': Error: Request failed with status code 400

Sun Nov 18 2018 22:38:37 GMT+0300 (+03) 
   ERROR: getWhaleOrders /media/wertyga/B688E5DB88E59A5F/LINUX Projects JS/El_sn_tt/El_sn/server/common/functions/main.js': Error: Request failed with status code 400

Sun Nov 18 2018 22:39:08 GMT+0300 (+03) 
   ERROR: getWhaleOrders /media/wertyga/B688E5DB88E59A5F/LINUX Projects JS/El_sn_tt/El_sn/server/common/functions/main.js': Error: Request failed with status code 400

Sun Nov 18 2018 22:40:04 GMT+0300 (+03) 
   ERROR: getWhaleOrders /media/wertyga/B688E5DB88E59A5F/LINUX Projects JS/El_sn_tt/El_sn/server/common/functions/main.js': Error: Request failed with status code 400

Sun Nov 18 2018 22:41:04 GMT+0300 (+03) 
   ERROR: getWhaleOrders /media/wertyga/B688E5DB88E59A5F/LINUX Projects JS/El_sn_tt/El_sn/server/common/functions/main.js': Error: Request failed with status code 400

Sun Nov 18 2018 22:42:04 GMT+0300 (+03) 
   ERROR: getWhaleOrders /media/wertyga/B688E5DB88E59A5F/LINUX Projects JS/El_sn_tt/El_sn/server/common/functions/main.js': Error: Request failed with status code 400

Sun Nov 18 2018 22:43:04 GMT+0300 (+03) 
   ERROR: getWhaleOrders /media/wertyga/B688E5DB88E59A5F/LINUX Projects JS/El_sn_tt/El_sn/server/common/functions/main.js': Error: Request failed with status code 400

Sun Nov 18 2018 22:44:03 GMT+0300 (+03) 
   ERROR:  /media/wertyga/B688E5DB88E59A5F/LINUX Projects JS/El_sn_tt/El_sn/server/common/functions/main.js': Error in "sendServerToken": getaddrinfo ENOTFOUND cryto-signer.tk cryto-signer.tk:443

Sun Nov 18 2018 22:44:04 GMT+0300 (+03) 
   ERROR: getWhaleOrders /media/wertyga/B688E5DB88E59A5F/LINUX Projects JS/El_sn_tt/El_sn/server/common/functions/main.js': Error: Request failed with status code 400

Sun Nov 18 2018 22:45:04 GMT+0300 (+03) 
   ERROR: getWhaleOrders /media/wertyga/B688E5DB88E59A5F/LINUX Projects JS/El_sn_tt/El_sn/server/common/functions/main.js': Error: Request failed with status code 400

Sun Nov 18 2018 22:46:04 GMT+0300 (+03) 
   ERROR: getWhaleOrders /media/wertyga/B688E5DB88E59A5F/LINUX Projects JS/El_sn_tt/El_sn/server/common/functions/main.js': Error: Request failed with status code 400

Sun Nov 18 2018 22:47:04 GMT+0300 (+03) 
   ERROR: getWhaleOrders /media/wertyga/B688E5DB88E59A5F/LINUX Projects JS/El_sn_tt/El_sn/server/common/functions/main.js': Error: Request failed with status code 400

Sun Nov 18 2018 22:48:04 GMT+0300 (+03) 
   ERROR: getWhaleOrders /media/wertyga/B688E5DB88E59A5F/LINUX Projects JS/El_sn_tt/El_sn/server/common/functions/main.js': Error: Request failed with status code 400

Sun Nov 18 2018 22:49:04 GMT+0300 (+03) 
   ERROR:  /media/wertyga/B688E5DB88E59A5F/LINUX Projects JS/El_sn_tt/El_sn/server/common/functions/main.js': Error in "sendServerToken": getaddrinfo ENOTFOUND cryto-signer.tk cryto-signer.tk:443

Sun Nov 18 2018 22:49:04 GMT+0300 (+03) 
   ERROR: getWhaleOrders /media/wertyga/B688E5DB88E59A5F/LINUX Projects JS/El_sn_tt/El_sn/server/common/functions/main.js': Error: Request failed with status code 400

Sun Nov 18 2018 22:50:04 GMT+0300 (+03) 
   ERROR: getWhaleOrders /media/wertyga/B688E5DB88E59A5F/LINUX Projects JS/El_sn_tt/El_sn/server/common/functions/main.js': Error: Request failed with status code 400

Sun Nov 18 2018 22:51:04 GMT+0300 (+03) 
   ERROR: getWhaleOrders /media/wertyga/B688E5DB88E59A5F/LINUX Projects JS/El_sn_tt/El_sn/server/common/functions/main.js': Error: Request failed with status code 400

Sun Nov 18 2018 22:52:04 GMT+0300 (+03) 
   ERROR: getWhaleOrders /media/wertyga/B688E5DB88E59A5F/LINUX Projects JS/El_sn_tt/El_sn/server/common/functions/main.js': Error: Request failed with status code 400

Sun Nov 18 2018 22:53:04 GMT+0300 (+03) 
   ERROR: getWhaleOrders /media/wertyga/B688E5DB88E59A5F/LINUX Projects JS/El_sn_tt/El_sn/server/common/functions/main.js': Error: Request failed with status code 400

Sun Nov 18 2018 22:54:04 GMT+0300 (+03) 
   ERROR:  /media/wertyga/B688E5DB88E59A5F/LINUX Projects JS/El_sn_tt/El_sn/server/common/functions/main.js': Error in "sendServerToken": getaddrinfo ENOTFOUND cryto-signer.tk cryto-signer.tk:443

Sun Nov 18 2018 22:54:04 GMT+0300 (+03) 
   ERROR: getWhaleOrders /media/wertyga/B688E5DB88E59A5F/LINUX Projects JS/El_sn_tt/El_sn/server/common/functions/main.js': Error: Request failed with status code 400

Sun Nov 18 2018 22:55:04 GMT+0300 (+03) 
   ERROR: getWhaleOrders /media/wertyga/B688E5DB88E59A5F/LINUX Projects JS/El_sn_tt/El_sn/server/common/functions/main.js': Error: Request failed with status code 400

Sun Nov 18 2018 22:56:04 GMT+0300 (+03) 
   ERROR: getWhaleOrders /media/wertyga/B688E5DB88E59A5F/LINUX Projects JS/El_sn_tt/El_sn/server/common/functions/main.js': Error: Request failed with status code 400

Sun Nov 18 2018 22:57:04 GMT+0300 (+03) 
   ERROR: getWhaleOrders /media/wertyga/B688E5DB88E59A5F/LINUX Projects JS/El_sn_tt/El_sn/server/common/functions/main.js': Error: Request failed with status code 400

Sun Nov 18 2018 22:58:04 GMT+0300 (+03) 
   ERROR: getWhaleOrders /media/wertyga/B688E5DB88E59A5F/LINUX Projects JS/El_sn_tt/El_sn/server/common/functions/main.js': Error: Request failed with status code 400

Sun Nov 18 2018 22:59:04 GMT+0300 (+03) 
   ERROR:  /media/wertyga/B688E5DB88E59A5F/LINUX Projects JS/El_sn_tt/El_sn/server/common/functions/main.js': Error in "sendServerToken": getaddrinfo ENOTFOUND cryto-signer.tk cryto-signer.tk:443

Sun Nov 18 2018 22:59:04 GMT+0300 (+03) 
   ERROR: getWhaleOrders /media/wertyga/B688E5DB88E59A5F/LINUX Projects JS/El_sn_tt/El_sn/server/common/functions/main.js': Error: Request failed with status code 400

Sun Nov 18 2018 23:00:06 GMT+0300 (+03) 
   ERROR: getWhaleOrders /media/wertyga/B688E5DB88E59A5F/LINUX Projects JS/El_sn_tt/El_sn/server/common/functions/main.js': Error: Request failed with status code 400

Sun Nov 18 2018 23:01:03 GMT+0300 (+03) 
   ERROR: getWhaleOrders /media/wertyga/B688E5DB88E59A5F/LINUX Projects JS/El_sn_tt/El_sn/server/common/functions/main.js': Error: Request failed with status code 400

Sun Nov 18 2018 23:02:03 GMT+0300 (+03) 
   ERROR: getWhaleOrders /media/wertyga/B688E5DB88E59A5F/LINUX Projects JS/El_sn_tt/El_sn/server/common/functions/main.js': Error: Request failed with status code 400

Sun Nov 18 2018 23:03:03 GMT+0300 (+03) 
   ERROR: getWhaleOrders /media/wertyga/B688E5DB88E59A5F/LINUX Projects JS/El_sn_tt/El_sn/server/common/functions/main.js': Error: Request failed with status code 400

Sun Nov 18 2018 23:03:36 GMT+0300 (+03) 
   ERROR: getWhaleOrders /media/wertyga/B688E5DB88E59A5F/LINUX Projects JS/El_sn_tt/El_sn/server/common/functions/main.js': Error: Request failed with status code 400

Sun Nov 18 2018 23:03:51 GMT+0300 (+03) 
   ERROR: getWhaleOrders /media/wertyga/B688E5DB88E59A5F/LINUX Projects JS/El_sn_tt/El_sn/server/common/functions/main.js': Error: Request failed with status code 400

Sun Nov 18 2018 23:04:48 GMT+0300 (+03) 
   ERROR: getWhaleOrders /media/wertyga/B688E5DB88E59A5F/LINUX Projects JS/El_sn_tt/El_sn/server/common/functions/main.js': Error: Request failed with status code 400

Sun Nov 18 2018 23:05:01 GMT+0300 (+03) 
   ERROR: getWhaleOrders /media/wertyga/B688E5DB88E59A5F/LINUX Projects JS/El_sn_tt/El_sn/server/common/functions/main.js': Error: Request failed with status code 400

Sun Nov 18 2018 23:05:29 GMT+0300 (+03) 
   ERROR: getWhaleOrders /media/wertyga/B688E5DB88E59A5F/LINUX Projects JS/El_sn_tt/El_sn/server/common/functions/main.js': Error: Request failed with status code 400

Sun Nov 18 2018 23:05:53 GMT+0300 (+03) 
   ERROR: getWhaleOrders /media/wertyga/B688E5DB88E59A5F/LINUX Projects JS/El_sn_tt/El_sn/server/common/functions/main.js': Error: Request failed with status code 400

Sun Nov 18 2018 23:06:43 GMT+0300 (+03) 
   ERROR: getWhaleOrders /media/wertyga/B688E5DB88E59A5F/LINUX Projects JS/El_sn_tt/El_sn/server/common/functions/main.js': Error: Request failed with status code 400

Sun Nov 18 2018 23:07:24 GMT+0300 (+03) 
   ERROR: getWhaleOrders /media/wertyga/B688E5DB88E59A5F/LINUX Projects JS/El_sn_tt/El_sn/server/common/functions/main.js': Error: Request failed with status code 400

Sun Nov 18 2018 23:07:56 GMT+0300 (+03) 
   ERROR: getWhaleOrders /media/wertyga/B688E5DB88E59A5F/LINUX Projects JS/El_sn_tt/El_sn/server/common/functions/main.js': Error: Request failed with status code 400

Sun Nov 18 2018 23:08:52 GMT+0300 (+03) 
   ERROR: getWhaleOrders /media/wertyga/B688E5DB88E59A5F/LINUX Projects JS/El_sn_tt/El_sn/server/common/functions/main.js': Error: Request failed with status code 400

Sun Nov 18 2018 23:09:52 GMT+0300 (+03) 
   ERROR: getWhaleOrders /media/wertyga/B688E5DB88E59A5F/LINUX Projects JS/El_sn_tt/El_sn/server/common/functions/main.js': Error: Request failed with status code 400

Sun Nov 18 2018 23:10:42 GMT+0300 (+03) 
   ERROR: getWhaleOrders /media/wertyga/B688E5DB88E59A5F/LINUX Projects JS/El_sn_tt/El_sn/server/common/functions/main.js': TypeError: Cannot read property 'bids' of undefined

Sun Nov 18 2018 23:15:03 GMT+0300 (+03) 
   ERROR: getWhaleOrders /media/wertyga/B688E5DB88E59A5F/LINUX Projects JS/El_sn_tt/El_sn/server/common/functions/main.js': TypeError: Cannot read property 'msg' of undefined

Sun Nov 18 2018 23:18:45 GMT+0300 (+03) 
   ERROR:  /media/wertyga/B688E5DB88E59A5F/LINUX Projects JS/El_sn_tt/El_sn/server/common/api/binanceAPI.js': Error in "getOrdersBook": Invalid symbol. - BCCBTC

Sun Nov 18 2018 23:18:44 GMT+0300 (+03) 
   ERROR:  /media/wertyga/B688E5DB88E59A5F/LINUX Projects JS/El_sn_tt/El_sn/server/common/api/binanceAPI.js': Error in "getOrdersBook": Invalid symbol. - BCCETH

Sun Nov 18 2018 23:19:42 GMT+0300 (+03) 
   ERROR:  /media/wertyga/B688E5DB88E59A5F/LINUX Projects JS/El_sn_tt/El_sn/server/common/api/binanceAPI.js': Error in "getOrdersBook": Invalid symbol. - BCCBTC

Sun Nov 18 2018 23:19:42 GMT+0300 (+03) 
   ERROR:  /media/wertyga/B688E5DB88E59A5F/LINUX Projects JS/El_sn_tt/El_sn/server/common/api/binanceAPI.js': Error in "getOrdersBook": Invalid symbol. - BCCETH

Sun Nov 18 2018 23:20:42 GMT+0300 (+03) 
   ERROR:  /media/wertyga/B688E5DB88E59A5F/LINUX Projects JS/El_sn_tt/El_sn/server/common/api/binanceAPI.js': Error in "getOrdersBook": Invalid symbol. - BCCBTC

Sun Nov 18 2018 23:20:42 GMT+0300 (+03) 
   ERROR:  /media/wertyga/B688E5DB88E59A5F/LINUX Projects JS/El_sn_tt/El_sn/server/common/api/binanceAPI.js': Error in "getOrdersBook": Invalid symbol. - BCCETH

